<?xml version="1.0" encoding="UTF-8"?>
<testng-results total="1" passed="1" failed="0" skipped="0">
  <reporter-output>
  </reporter-output>
  <suite started-at="2022-03-20T11:17:47Z" name="Default suite" finished-at="2022-03-20T11:17:49Z" duration-ms="1964">
    <groups>
    </groups>
    <test started-at="2022-03-20T11:17:47Z" name="Default test" finished-at="2022-03-20T11:17:49Z" duration-ms="1964">
      <class name="test.TestngFirst">
        <test-method is-config="true" signature="launchBrowser()[pri:0, instance:test.TestngFirst@7ef27d7f]" started-at="2022-03-20T11:17:47Z" name="launchBrowser" finished-at="2022-03-20T11:17:49Z" duration-ms="1815" status="PASS">
          <reporter-output>
          </reporter-output>
        </test-method> <!-- launchBrowser -->
        <test-method signature="verifyHomepageTitle()[pri:0, instance:test.TestngFirst@7ef27d7f]" started-at="2022-03-20T11:17:49Z" name="verifyHomepageTitle" finished-at="2022-03-20T11:17:49Z" duration-ms="22" status="PASS">
          <reporter-output>
          </reporter-output>
        </test-method> <!-- verifyHomepageTitle -->
        <test-method is-config="true" signature="terminateBrowser()[pri:0, instance:test.TestngFirst@7ef27d7f]" started-at="2022-03-20T11:17:49Z" name="terminateBrowser" finished-at="2022-03-20T11:17:49Z" duration-ms="117" status="PASS">
          <reporter-output>
          </reporter-output>
        </test-method> <!-- terminateBrowser -->
      </class> <!-- test.TestngFirst -->
    </test> <!-- Default test -->
  </suite> <!-- Default suite -->
</testng-results>
